<?xml version="1.0" encoding="UTF-8" ?>
<testsuite failures="0" time="0" errors="0" skipped="0" tests="1" name="org.jdogma.concurrency.DiagnosticHashMapTest">
  <properties>
    <property name="java.runtime.name" value="Java(TM) SE Runtime Environment"/>
    <property name="sun.boot.library.path" value="c:\java\jdk1.6.0_17\jre\bin"/>
    <property name="java.vm.version" value="14.3-b01"/>
    <property name="java.vm.vendor" value="Sun Microsystems Inc."/>
    <property name="java.vendor.url" value="http://java.sun.com/"/>
    <property name="path.separator" value=";"/>
    <property name="java.vm.name" value="Java HotSpot(TM) Client VM"/>
    <property name="file.encoding.pkg" value="sun.io"/>
    <property name="user.country" value="NO"/>
    <property name="sun.java.launcher" value="SUN_STANDARD"/>
    <property name="sun.os.patch.level" value="Service Pack 3"/>
    <property name="java.vm.specification.name" value="Java Virtual Machine Specification"/>
    <property name="user.dir" value="c:\src\concurrency-test-tools"/>
    <property name="java.runtime.version" value="1.6.0_17-b04"/>
    <property name="java.awt.graphicsenv" value="sun.awt.Win32GraphicsEnvironment"/>
    <property name="basedir" value="c:\src\concurrency-test-tools"/>
    <property name="java.endorsed.dirs" value="c:\java\jdk1.6.0_17\jre\lib\endorsed"/>
    <property name="os.arch" value="x86"/>
    <property name="surefire.real.class.path" value="c:\DOCUME~1\t535255\LOCALS~1\Temp\surefirebooter6373398312156855215.jar"/>
    <property name="java.io.tmpdir" value="c:\DOCUME~1\t535255\LOCALS~1\Temp\"/>
    <property name="line.separator" value="
"/>
    <property name="java.vm.specification.vendor" value="Sun Microsystems Inc."/>
    <property name="user.variant" value=""/>
    <property name="os.name" value="Windows XP"/>
    <property name="sun.jnu.encoding" value="Cp1252"/>
    <property name="java.library.path" value="c:\java\jdk1.6.0_17\jre\bin;.;C:\WINNT\Sun\Java\bin;C:\WINNT\system32;C:\WINNT;c:\home\t535255\bin;C:\cygwin\usr\local\bin;C:\cygwin\bin;C:\cygwin\bin;C:\cygwin\usr\X11R6\bin;c:\WINNT\system32;c:\WINNT;c:\WINNT\System32\Wbem;c:\Norman\Npm\Bin;c:\java\apache-maven-2.2.1\bin;c:\java\apache-ant-1.7.1\bin;c:\java\jprofiler5\bin\windows;c:\Program Files\QuickTime\QTSystem\;c:\home\t535255\bin;c:\java\Perforce;C:\cygwin\usr\local\bin;C:\cygwin\bin;C:\cygwin\bin"/>
    <property name="surefire.test.class.path" value="c:\src\concurrency-test-tools\target\test-classes;c:\src\concurrency-test-tools\target\classes;d:\repo\junit\junit\4.7\junit-4.7.jar;"/>
    <property name="java.specification.name" value="Java Platform API Specification"/>
    <property name="java.class.version" value="50.0"/>
    <property name="sun.management.compiler" value="HotSpot Client Compiler"/>
    <property name="os.version" value="5.1"/>
    <property name="user.home" value="C:\Documents and Settings\t535255"/>
    <property name="user.timezone" value=""/>
    <property name="java.awt.printerjob" value="sun.awt.windows.WPrinterJob"/>
    <property name="java.specification.version" value="1.6"/>
    <property name="file.encoding" value="Cp1252"/>
    <property name="user.name" value="t535255"/>
    <property name="java.class.path" value="c:\src\concurrency-test-tools\target\test-classes;c:\src\concurrency-test-tools\target\classes;d:\repo\junit\junit\4.7\junit-4.7.jar;"/>
    <property name="java.vm.specification.version" value="1.0"/>
    <property name="sun.arch.data.model" value="32"/>
    <property name="java.home" value="c:\java\jdk1.6.0_17\jre"/>
    <property name="java.specification.vendor" value="Sun Microsystems Inc."/>
    <property name="user.language" value="no"/>
    <property name="awt.toolkit" value="sun.awt.windows.WToolkit"/>
    <property name="java.vm.info" value="mixed mode, sharing"/>
    <property name="java.version" value="1.6.0_17"/>
    <property name="java.ext.dirs" value="c:\java\jdk1.6.0_17\jre\lib\ext;C:\WINNT\Sun\Java\lib\ext"/>
    <property name="sun.boot.class.path" value="c:\java\jdk1.6.0_17\jre\lib\resources.jar;c:\java\jdk1.6.0_17\jre\lib\rt.jar;c:\java\jdk1.6.0_17\jre\lib\sunrsasign.jar;c:\java\jdk1.6.0_17\jre\lib\jsse.jar;c:\java\jdk1.6.0_17\jre\lib\jce.jar;c:\java\jdk1.6.0_17\jre\lib\charsets.jar;c:\java\jdk1.6.0_17\jre\classes"/>
    <property name="java.vendor" value="Sun Microsystems Inc."/>
    <property name="localRepository" value="d:/repo"/>
    <property name="file.separator" value="\"/>
    <property name="java.vendor.url.bug" value="http://java.sun.com/cgi-bin/bugreport.cgi"/>
    <property name="sun.cpu.endian" value="little"/>
    <property name="sun.io.unicode.encoding" value="UnicodeLittle"/>
    <property name="sun.desktop" value="windows"/>
    <property name="sun.cpu.isalist" value="pentium_pro+mmx pentium_pro pentium+mmx pentium i486 i386 i86"/>
  </properties>
  <testcase time="0" classname="org.jdogma.concurrency.DiagnosticHashMapTest" name="testShouldBeSafe"/>
</testsuite>